[2021-03-18T23:07:36.856] [DEBUG] cheese - login => username:admin,password:123456
[2021-03-18T23:07:36.865] [DEBUG] cheese - admin
[2021-03-18T23:07:36.944] [DEBUG] cheese - null
[2021-03-18T23:07:36.946] [DEBUG] cheese - null
[2021-03-18T23:07:50.195] [DEBUG] cheese - login => username:admin,password:123456789
[2021-03-18T23:07:50.195] [DEBUG] cheese - admin
[2021-03-18T23:07:50.203] [DEBUG] cheese - null
[2021-03-18T23:07:50.203] [DEBUG] cheese - null
[2021-03-18T23:09:32.345] [DEBUG] cheese - login => username:admin,password:123456
[2021-03-18T23:09:32.345] [DEBUG] cheese - admin
[2021-03-18T23:09:32.353] [DEBUG] cheese - null
[2021-03-18T23:09:32.354] [DEBUG] cheese - null
[2021-03-19T09:58:42.232] [DEBUG] cheese - login => username:zs,password:123456
[2021-03-19T09:58:42.234] [DEBUG] cheese - zs
[2021-03-19T09:58:42.264] [DEBUG] cheese - null
[2021-03-19T09:58:42.265] [DEBUG] cheese - null
[2021-03-19T09:58:49.995] [DEBUG] cheese - login => username:admin,password:123456
[2021-03-19T09:58:49.996] [DEBUG] cheese - admin
[2021-03-19T09:58:50.006] [DEBUG] cheese - null
[2021-03-19T09:58:50.006] [DEBUG] cheese - null
[2021-03-19T09:59:02.390] [DEBUG] cheese - login => username:admin,password:123
[2021-03-19T09:59:02.390] [DEBUG] cheese - admin
[2021-03-19T09:59:02.394] [DEBUG] cheese - null
[2021-03-19T09:59:02.395] [DEBUG] cheese - null
[2021-03-19T16:35:07.467] [DEBUG] cheese - login => username:admi,password:123456124
[2021-03-19T16:35:07.470] [DEBUG] cheese - admi
[2021-03-19T16:35:07.527] [DEBUG] cheese - null
[2021-03-19T16:35:07.528] [DEBUG] cheese - null
[2021-03-19T16:38:15.038] [DEBUG] cheese - login => username:adminqwe,password:123456
[2021-03-19T16:38:15.039] [DEBUG] cheese - adminqwe
[2021-03-19T16:38:15.051] [DEBUG] cheese - null
[2021-03-19T16:38:15.051] [DEBUG] cheese - null
[2021-03-19T16:40:48.099] [DEBUG] cheese - login => username:admin,password:123456
[2021-03-19T16:40:48.100] [DEBUG] cheese - admin
[2021-03-19T16:40:48.107] [DEBUG] cheese - login => username:admin,password:123456
[2021-03-19T16:40:48.108] [DEBUG] cheese - admin
[2021-03-19T16:40:48.127] [DEBUG] cheese - null
[2021-03-19T16:40:48.127] [DEBUG] cheese - null
[2021-03-19T16:40:48.311] [DEBUG] cheese - null
[2021-03-19T16:40:48.311] [DEBUG] cheese - null
[2021-03-19T16:41:04.065] [DEBUG] cheese - login => username:admin,password:123456
[2021-03-19T16:41:04.065] [DEBUG] cheese - admin
[2021-03-19T16:41:04.075] [DEBUG] cheese - null
[2021-03-19T16:41:04.075] [DEBUG] cheese - null
[2021-03-19T16:43:30.993] [DEBUG] cheese - login => username:admin,password:123456
[2021-03-19T16:43:30.994] [DEBUG] cheese - admin
[2021-03-19T16:43:31.005] [DEBUG] cheese - null
[2021-03-19T16:43:31.006] [DEBUG] cheese - null
[2021-03-19T16:43:37.002] [DEBUG] cheese - login => username:admin12,password:123456
[2021-03-19T16:43:37.002] [DEBUG] cheese - admin12
[2021-03-19T16:43:37.007] [DEBUG] cheese - null
[2021-03-19T16:43:37.007] [DEBUG] cheese - null
[2021-03-19T16:44:38.905] [DEBUG] cheese - login => username:admin12,password:12345612
[2021-03-19T16:44:38.905] [DEBUG] cheese - admin12
[2021-03-19T16:44:38.909] [DEBUG] cheese - null
[2021-03-19T16:44:38.909] [DEBUG] cheese - null
[2021-03-19T17:00:32.167] [DEBUG] cheese - login => username:admin2,password:123456
[2021-03-19T17:00:32.168] [DEBUG] cheese - admin2
[2021-03-19T17:00:32.178] [DEBUG] cheese - null
[2021-03-19T17:00:32.178] [DEBUG] cheese - null
[2021-03-19T17:00:51.949] [DEBUG] cheese - login => username:admin,password:123456
[2021-03-19T17:00:51.950] [DEBUG] cheese - admin
[2021-03-19T17:00:51.955] [DEBUG] cheese - null
[2021-03-19T17:00:51.955] [DEBUG] cheese - null
[2021-03-19T17:01:06.796] [DEBUG] cheese - login => username:admin,password:123456
[2021-03-19T17:01:06.796] [DEBUG] cheese - admin
[2021-03-19T17:01:06.802] [DEBUG] cheese - null
[2021-03-19T17:01:06.802] [DEBUG] cheese - null
[2021-03-19T17:01:08.326] [DEBUG] cheese - login => username:admin1,password:123456
[2021-03-19T17:01:08.326] [DEBUG] cheese - admin1
[2021-03-19T17:01:08.331] [DEBUG] cheese - null
[2021-03-19T17:01:08.331] [DEBUG] cheese - null
[2021-03-19T17:02:29.160] [DEBUG] cheese - login => username:admin,password:123456
[2021-03-19T17:02:29.160] [DEBUG] cheese - admin
[2021-03-19T17:02:29.165] [DEBUG] cheese - null
[2021-03-19T17:02:29.166] [DEBUG] cheese - null
[2021-03-19T17:03:02.236] [DEBUG] cheese - login => username:admin,password:123456
[2021-03-19T17:03:02.236] [DEBUG] cheese - admin
[2021-03-19T17:03:02.271] [DEBUG] cheese - null
[2021-03-19T17:03:02.271] [DEBUG] cheese - null
[2021-03-19T17:03:03.802] [DEBUG] cheese - login => username:admin,password:123456
[2021-03-19T17:03:03.802] [DEBUG] cheese - admin
[2021-03-19T17:03:03.808] [DEBUG] cheese - null
[2021-03-19T17:03:03.809] [DEBUG] cheese - null
[2021-03-19T17:03:07.079] [DEBUG] cheese - login => username:admin,password:123456
[2021-03-19T17:03:07.080] [DEBUG] cheese - admin
[2021-03-19T17:03:07.101] [DEBUG] cheese - null
[2021-03-19T17:03:07.101] [DEBUG] cheese - null
[2021-03-19T17:03:07.735] [DEBUG] cheese - login => username:admin,password:123456
[2021-03-19T17:03:07.736] [DEBUG] cheese - admin
[2021-03-19T17:03:07.742] [DEBUG] cheese - null
[2021-03-19T17:03:07.743] [DEBUG] cheese - null
[2021-03-19T17:04:31.614] [DEBUG] cheese - login => username:admin,password:123456
[2021-03-19T17:04:31.614] [DEBUG] cheese - admin
[2021-03-19T17:04:31.620] [DEBUG] cheese - null
[2021-03-19T17:04:31.620] [DEBUG] cheese - null
[2021-03-19T18:02:34.405] [DEBUG] cheese - login => username:admin,password:123456
[2021-03-19T18:02:34.405] [DEBUG] cheese - admin
[2021-03-19T18:02:34.416] [DEBUG] cheese - null
[2021-03-19T18:02:34.417] [DEBUG] cheese - null
[2021-03-19T18:02:57.940] [DEBUG] cheese - login => username:admin,password:123456
[2021-03-19T18:02:57.940] [DEBUG] cheese - admin
[2021-03-19T18:02:57.951] [DEBUG] cheese - null
[2021-03-19T18:02:57.951] [DEBUG] cheese - null
[2021-03-19T18:03:02.751] [DEBUG] cheese - login => username:admin,password:123456
[2021-03-19T18:03:02.751] [DEBUG] cheese - admin
[2021-03-19T18:03:02.765] [DEBUG] cheese - null
[2021-03-19T18:03:02.765] [DEBUG] cheese - null
[2021-03-19T18:04:42.550] [DEBUG] cheese - login => username:admin,password:123456
[2021-03-19T18:04:42.551] [DEBUG] cheese - admin
[2021-03-19T18:04:42.570] [DEBUG] cheese - null
[2021-03-19T18:04:42.570] [DEBUG] cheese - null
[2021-03-19T18:04:42.858] [DEBUG] cheese - login => username:admin,password:123456
[2021-03-19T18:04:42.858] [DEBUG] cheese - admin
[2021-03-19T18:04:42.866] [DEBUG] cheese - null
[2021-03-19T18:04:42.867] [DEBUG] cheese - null
[2021-03-19T18:04:47.088] [DEBUG] cheese - login => username:admin,password:123456
[2021-03-19T18:04:47.088] [DEBUG] cheese - admin
[2021-03-19T18:04:47.094] [DEBUG] cheese - null
[2021-03-19T18:04:47.094] [DEBUG] cheese - null
[2021-03-19T18:05:00.750] [DEBUG] cheese - login => username:admin,password:123456
[2021-03-19T18:05:00.750] [DEBUG] cheese - admin
[2021-03-19T18:05:00.770] [DEBUG] cheese - null
[2021-03-19T18:05:00.770] [DEBUG] cheese - null
[2021-03-19T18:07:02.898] [DEBUG] cheese - login => username:admin,password:123456
[2021-03-19T18:07:02.899] [DEBUG] cheese - admin
[2021-03-19T18:07:02.910] [DEBUG] cheese - null
[2021-03-19T18:07:02.910] [DEBUG] cheese - null
[2021-03-19T18:07:40.477] [DEBUG] cheese - login => username:admin,password:123456
[2021-03-19T18:07:40.477] [DEBUG] cheese - admin
[2021-03-19T18:07:40.482] [DEBUG] cheese - null
[2021-03-19T18:07:40.483] [DEBUG] cheese - null
[2021-03-19T18:09:01.315] [DEBUG] cheese - login => username:admin,password:123456
[2021-03-19T18:09:01.316] [DEBUG] cheese - admin
[2021-03-19T18:09:01.322] [DEBUG] cheese - null
[2021-03-19T18:09:01.323] [DEBUG] cheese - null
[2021-03-19T18:09:33.440] [DEBUG] cheese - login => username:admin,password:123456
[2021-03-19T18:09:33.440] [DEBUG] cheese - admin
[2021-03-19T18:09:33.448] [DEBUG] cheese - null
[2021-03-19T18:09:33.448] [DEBUG] cheese - null
[2021-03-19T18:22:26.102] [DEBUG] cheese - login => username:admin,password:123456
[2021-03-19T18:22:26.102] [DEBUG] cheese - admin
[2021-03-19T18:22:26.115] [DEBUG] cheese - null
[2021-03-19T18:22:26.115] [DEBUG] cheese - null
[2021-03-19T18:47:48.248] [DEBUG] cheese - login => username:admin,password:123456
[2021-03-19T18:47:48.248] [DEBUG] cheese - admin
[2021-03-19T18:47:48.257] [DEBUG] cheese - null
[2021-03-19T18:47:48.257] [DEBUG] cheese - null
[2021-03-19T18:57:04.248] [DEBUG] cheese - login => username:admin,password:123456
[2021-03-19T18:57:04.249] [DEBUG] cheese - admin
[2021-03-19T18:57:04.261] [DEBUG] cheese - null
[2021-03-19T18:57:04.261] [DEBUG] cheese - null
[2021-03-19T18:57:07.242] [DEBUG] cheese - login => username:admin,password:123456
[2021-03-19T18:57:07.242] [DEBUG] cheese - admin
[2021-03-19T18:57:07.246] [DEBUG] cheese - null
[2021-03-19T18:57:07.246] [DEBUG] cheese - null
[2021-03-19T18:57:13.780] [DEBUG] cheese - login => username:admin,password:123456
[2021-03-19T18:57:13.780] [DEBUG] cheese - admin
[2021-03-19T18:57:13.786] [DEBUG] cheese - null
[2021-03-19T18:57:13.786] [DEBUG] cheese - null
[2021-03-19T19:31:52.008] [DEBUG] cheese - login => username:admin,password:123456
[2021-03-19T19:31:52.009] [DEBUG] cheese - admin
[2021-03-19T19:31:52.032] [DEBUG] cheese - null
[2021-03-19T19:31:52.033] [DEBUG] cheese - null
[2021-03-19T19:31:57.733] [DEBUG] cheese - login => username:admin1,password:1234561
[2021-03-19T19:31:57.734] [DEBUG] cheese - admin1
[2021-03-19T19:31:57.740] [DEBUG] cheese - null
[2021-03-19T19:31:57.741] [DEBUG] cheese - null
[2021-03-19T19:32:02.322] [DEBUG] cheese - login => username:admin,password:1234561
[2021-03-19T19:32:02.323] [DEBUG] cheese - admin
[2021-03-19T19:32:02.327] [DEBUG] cheese - null
[2021-03-19T19:32:02.327] [DEBUG] cheese - null
[2021-03-19T21:11:00.175] [DEBUG] cheese - login => username:admin,password:123456
[2021-03-19T21:11:00.176] [DEBUG] cheese - admin
[2021-03-19T21:11:00.196] [DEBUG] cheese - null
[2021-03-19T21:11:00.196] [DEBUG] cheese - null
[2021-03-19T21:12:06.500] [DEBUG] cheese - login => username:admin,password:123456
[2021-03-19T21:12:06.500] [DEBUG] cheese - admin
[2021-03-19T21:12:06.505] [DEBUG] cheese - null
[2021-03-19T21:12:06.506] [DEBUG] cheese - null
[2021-03-20T10:00:31.562] [DEBUG] cheese - login => username:admin,password:123456
[2021-03-20T10:00:31.563] [DEBUG] cheese - admin
[2021-03-20T10:00:31.591] [DEBUG] cheese - null
[2021-03-20T10:00:31.592] [DEBUG] cheese - null
[2021-03-20T10:01:03.631] [DEBUG] cheese - login => username:admin,password:123456
[2021-03-20T10:01:03.631] [DEBUG] cheese - admin
[2021-03-20T10:01:03.637] [DEBUG] cheese - null
[2021-03-20T10:01:03.637] [DEBUG] cheese - null
[2021-03-20T10:02:09.174] [DEBUG] cheese - login => username:admin,password:123456
[2021-03-20T10:02:09.174] [DEBUG] cheese - admin
[2021-03-20T10:02:09.198] [DEBUG] cheese - null
[2021-03-20T10:02:09.198] [DEBUG] cheese - null
[2021-03-20T10:04:19.902] [DEBUG] cheese - login => username:admin,password:123456
[2021-03-20T10:04:19.903] [DEBUG] cheese - admin
[2021-03-20T10:04:19.918] [DEBUG] cheese - null
[2021-03-20T10:04:19.918] [DEBUG] cheese - null
[2021-03-20T10:04:52.511] [DEBUG] cheese - login => username:admin,password:123456
[2021-03-20T10:04:52.511] [DEBUG] cheese - admin
[2021-03-20T10:04:52.527] [DEBUG] cheese - null
[2021-03-20T10:04:52.527] [DEBUG] cheese - null
[2021-03-20T10:11:22.006] [DEBUG] cheese - login => username:admin,password:123456
[2021-03-20T10:11:22.006] [DEBUG] cheese - admin
[2021-03-20T10:11:22.023] [DEBUG] cheese - null
[2021-03-20T10:11:22.024] [DEBUG] cheese - null
[2021-03-20T10:11:31.107] [DEBUG] cheese - login => username:admin,password:123456
[2021-03-20T10:11:31.107] [DEBUG] cheese - admin
[2021-03-20T10:11:31.131] [DEBUG] cheese - null
[2021-03-20T10:11:31.132] [DEBUG] cheese - null
[2021-03-20T10:12:43.289] [DEBUG] cheese - login => username:admin,password:123456
[2021-03-20T10:12:43.289] [DEBUG] cheese - admin
[2021-03-20T10:12:43.296] [DEBUG] cheese - null
[2021-03-20T10:12:43.296] [DEBUG] cheese - null
[2021-03-20T10:13:04.280] [DEBUG] cheese - login => username:admin,password:123456
[2021-03-20T10:13:04.280] [DEBUG] cheese - admin
[2021-03-20T10:13:04.286] [DEBUG] cheese - null
[2021-03-20T10:13:04.287] [DEBUG] cheese - null
[2021-03-20T14:23:42.335] [DEBUG] cheese - login => username:admin,password:123456
[2021-03-20T14:23:42.338] [DEBUG] cheese - admin
[2021-03-20T14:23:42.361] [DEBUG] cheese - null
[2021-03-20T14:23:42.361] [DEBUG] cheese - null
[2021-03-20T15:05:59.225] [DEBUG] cheese - login => username:admin,password:123456
[2021-03-20T15:05:59.226] [DEBUG] cheese - admin
[2021-03-20T15:05:59.238] [DEBUG] cheese - null
[2021-03-20T15:05:59.238] [DEBUG] cheese - null
[2021-03-20T17:00:38.192] [DEBUG] cheese - login => username:admin123,password:12345612
[2021-03-20T17:00:38.192] [DEBUG] cheese - admin123
[2021-03-20T17:00:38.199] [DEBUG] cheese - null
[2021-03-20T17:00:38.200] [DEBUG] cheese - null
[2021-03-20T17:00:41.398] [DEBUG] cheese - login => username:admin,password:12345612
[2021-03-20T17:00:41.398] [DEBUG] cheese - admin
[2021-03-20T17:00:41.401] [DEBUG] cheese - null
[2021-03-20T17:00:41.402] [DEBUG] cheese - null
[2021-03-20T17:00:49.804] [DEBUG] cheese - login => username:admin,password:123456123
[2021-03-20T17:00:49.804] [DEBUG] cheese - admin
[2021-03-20T17:00:49.808] [DEBUG] cheese - null
[2021-03-20T17:00:49.808] [DEBUG] cheese - null
[2021-03-20T17:00:51.702] [DEBUG] cheese - login => username:admin2,password:123456123
[2021-03-20T17:00:51.703] [DEBUG] cheese - admin2
[2021-03-20T17:00:51.705] [DEBUG] cheese - null
[2021-03-20T17:00:51.706] [DEBUG] cheese - null
[2021-03-20T17:00:54.101] [DEBUG] cheese - login => username:admin2,password:1234561234
[2021-03-20T17:00:54.102] [DEBUG] cheese - admin2
[2021-03-20T17:00:54.104] [DEBUG] cheese - null
[2021-03-20T17:00:54.105] [DEBUG] cheese - null
[2021-03-20T17:00:56.219] [DEBUG] cheese - login => username:admin2,password:12345612344
[2021-03-20T17:00:56.219] [DEBUG] cheese - admin2
[2021-03-20T17:00:56.221] [DEBUG] cheese - null
[2021-03-20T17:00:56.222] [DEBUG] cheese - null
[2021-03-20T17:01:01.281] [DEBUG] cheese - login => username:admin321,password:12345612
[2021-03-20T17:01:01.281] [DEBUG] cheese - admin321
[2021-03-20T17:01:01.284] [DEBUG] cheese - null
[2021-03-20T17:01:01.285] [DEBUG] cheese - null
[2021-03-20T17:01:02.433] [DEBUG] cheese - login => username:admin,password:123456
[2021-03-20T17:01:02.433] [DEBUG] cheese - admin
[2021-03-20T17:01:02.437] [DEBUG] cheese - null
[2021-03-20T17:01:02.437] [DEBUG] cheese - null
[2021-03-20T20:23:35.827] [DEBUG] cheese - login => username:admin,password:123456
[2021-03-20T20:23:35.828] [DEBUG] cheese - admin
[2021-03-20T20:23:35.832] [DEBUG] cheese - null
[2021-03-20T20:23:35.832] [DEBUG] cheese - null
[2021-03-21T09:21:23.652] [DEBUG] cheese - login => username:admin,password:123456
[2021-03-21T09:21:23.663] [DEBUG] cheese - admin
[2021-03-21T09:21:23.682] [DEBUG] cheese - null
[2021-03-21T09:21:23.683] [DEBUG] cheese - null
[2021-03-21T09:23:13.444] [DEBUG] cheese - login => username:admin,password:123456
[2021-03-21T09:23:13.445] [DEBUG] cheese - admin
[2021-03-21T09:23:13.450] [DEBUG] cheese - null
[2021-03-21T09:23:13.450] [DEBUG] cheese - null
[2021-03-21T09:41:11.634] [DEBUG] cheese - login => username:admin,password:123456
[2021-03-21T09:41:11.634] [DEBUG] cheese - admin
[2021-03-21T09:41:11.639] [DEBUG] cheese - null
[2021-03-21T09:41:11.639] [DEBUG] cheese - null
[2021-03-21T09:43:10.041] [DEBUG] cheese - login => username:admin,password:123456.
[2021-03-21T09:43:10.041] [DEBUG] cheese - admin
[2021-03-21T09:43:10.044] [DEBUG] cheese - null
[2021-03-21T09:43:10.045] [DEBUG] cheese - null
[2021-03-21T09:43:12.484] [DEBUG] cheese - login => username:admin,password:123456.
[2021-03-21T09:43:12.485] [DEBUG] cheese - admin
[2021-03-21T09:43:12.489] [DEBUG] cheese - null
[2021-03-21T09:43:12.489] [DEBUG] cheese - null
[2021-03-21T09:43:15.721] [DEBUG] cheese - login => username:admin,password:123456
[2021-03-21T09:43:15.721] [DEBUG] cheese - admin
[2021-03-21T09:43:15.724] [DEBUG] cheese - null
[2021-03-21T09:43:15.725] [DEBUG] cheese - null
[2021-03-21T11:03:34.361] [DEBUG] cheese - login => username:Marico,password:123456
[2021-03-21T11:03:34.365] [DEBUG] cheese - Marico
[2021-03-21T11:03:34.372] [DEBUG] cheese - null
[2021-03-21T11:03:34.373] [DEBUG] cheese - null
[2021-03-21T11:03:36.834] [DEBUG] cheese - login => username:Marico,password:123456
[2021-03-21T11:03:36.835] [DEBUG] cheese - Marico
[2021-03-21T11:03:36.838] [DEBUG] cheese - null
[2021-03-21T11:03:36.838] [DEBUG] cheese - null
[2021-03-21T13:29:11.691] [DEBUG] cheese - login => username:admin,password:123456
[2021-03-21T13:29:11.693] [DEBUG] cheese - admin
[2021-03-21T13:29:11.711] [DEBUG] cheese - null
[2021-03-21T13:29:11.711] [DEBUG] cheese - null
[2021-03-21T20:23:42.319] [DEBUG] cheese - null
[2021-03-21T20:29:25.795] [DEBUG] cheese - null
[2021-03-21T20:34:31.912] [DEBUG] cheese - login => username:admin,password:123456
[2021-03-21T20:34:31.916] [DEBUG] cheese - admin
[2021-03-21T20:34:31.969] [DEBUG] cheese - null
[2021-03-21T20:34:31.970] [DEBUG] cheese - null
[2021-03-21T20:34:45.464] [DEBUG] cheese - null
[2021-03-21T20:36:06.718] [DEBUG] cheese - null
[2021-03-21T20:38:26.733] [DEBUG] cheese - null
[2021-03-21T20:47:41.893] [DEBUG] cheese - login => username:admin,password:123456
[2021-03-21T20:47:41.896] [DEBUG] cheese - admin
[2021-03-21T20:47:41.953] [DEBUG] cheese - null
[2021-03-21T20:47:41.954] [DEBUG] cheese - null
[2021-03-21T20:47:59.241] [DEBUG] cheese - null
[2021-03-21T20:48:08.591] [DEBUG] cheese - null
[2021-03-21T20:48:37.461] [DEBUG] cheese - null
[2021-03-21T20:58:55.805] [DEBUG] cheese - null
[2021-03-21T21:00:00.593] [DEBUG] cheese - null
[2021-03-21T21:00:02.986] [DEBUG] cheese - null
[2021-03-22T18:41:32.305] [DEBUG] cheese - login => username:admin,password:123456
[2021-03-22T18:41:32.310] [DEBUG] cheese - admin
[2021-03-22T18:41:32.442] [DEBUG] cheese - null
[2021-03-22T18:41:32.443] [DEBUG] cheese - null
[2021-03-22T20:46:20.624] [DEBUG] cheese - login => username:admin,password:123456
[2021-03-22T20:46:20.627] [DEBUG] cheese - admin
[2021-03-22T20:46:20.715] [DEBUG] cheese - null
[2021-03-22T20:46:20.716] [DEBUG] cheese - null
[2021-03-23T12:45:51.201] [DEBUG] cheese - login => username:admin,password:123456
[2021-03-23T12:45:51.210] [DEBUG] cheese - admin
[2021-03-23T12:45:51.314] [DEBUG] cheese - null
[2021-03-23T12:45:51.315] [DEBUG] cheese - null
[2021-03-23T21:22:12.148] [DEBUG] cheese - login => username:admin,password:123456
[2021-03-23T21:22:12.152] [DEBUG] cheese - admin
[2021-03-23T21:22:12.181] [DEBUG] cheese - null
[2021-03-23T21:22:12.182] [DEBUG] cheese - null
[2021-03-23T22:49:14.616] [DEBUG] cheese - login => username:admin,password:123456
[2021-03-23T22:49:14.619] [DEBUG] cheese - admin
[2021-03-23T22:49:14.629] [DEBUG] cheese - null
[2021-03-23T22:49:14.630] [DEBUG] cheese - null
[2021-03-24T20:10:37.351] [DEBUG] cheese - login => username:admin,password:123456
[2021-03-24T20:10:37.357] [DEBUG] cheese - admin
[2021-03-24T20:10:37.391] [DEBUG] cheese - null
[2021-03-24T20:10:37.393] [DEBUG] cheese - null
[2021-03-25T17:01:36.773] [DEBUG] cheese - login => username:admin,password:123456
[2021-03-25T17:01:36.776] [DEBUG] cheese - admin
[2021-03-25T17:01:36.863] [DEBUG] cheese - null
[2021-03-25T17:01:36.864] [DEBUG] cheese - null
[2021-03-26T17:42:42.642] [DEBUG] cheese - login => username:admin,password:123456
[2021-03-26T17:42:42.651] [DEBUG] cheese - admin
[2021-03-26T17:42:42.682] [DEBUG] cheese - null
[2021-03-26T17:42:42.684] [DEBUG] cheese - null
[2021-03-26T18:57:20.729] [DEBUG] cheese - login => username:admin,password:123456
[2021-03-26T18:57:20.732] [DEBUG] cheese - admin
[2021-03-26T18:57:20.748] [DEBUG] cheese - null
[2021-03-26T18:57:20.750] [DEBUG] cheese - null
[2021-03-26T22:00:50.824] [DEBUG] cheese - login => username:admin,password:123456
[2021-03-26T22:00:50.828] [DEBUG] cheese - admin
[2021-03-26T22:00:50.839] [DEBUG] cheese - null
[2021-03-26T22:00:50.840] [DEBUG] cheese - null
[2021-03-26T22:37:21.352] [DEBUG] cheese - login => username:admin,password:123456
[2021-03-26T22:37:21.359] [DEBUG] cheese - admin
[2021-03-26T22:37:21.384] [DEBUG] cheese - null
[2021-03-26T22:37:21.386] [DEBUG] cheese - null
[2021-03-27T21:51:37.751] [DEBUG] cheese - login => username:admin,password:123456
[2021-03-27T21:51:37.756] [DEBUG] cheese - admin
[2021-03-27T21:51:37.822] [DEBUG] cheese - null
[2021-03-27T21:51:37.824] [DEBUG] cheese - null
[2021-03-27T23:43:38.789] [DEBUG] cheese - null
[2021-03-28T10:33:01.784] [DEBUG] cheese - login => username:admin,password:123456
[2021-03-28T10:33:01.788] [DEBUG] cheese - admin
[2021-03-28T10:33:01.886] [DEBUG] cheese - null
[2021-03-28T10:33:01.887] [DEBUG] cheese - null
[2021-03-28T14:44:33.630] [DEBUG] cheese - login => username:admin,password:123456
[2021-03-28T14:44:33.635] [DEBUG] cheese - admin
[2021-03-28T14:44:33.645] [DEBUG] cheese - null
[2021-03-28T14:44:33.646] [DEBUG] cheese - null
[2021-03-28T20:49:34.689] [DEBUG] cheese - login => username:admin,password:123456
[2021-03-28T20:49:34.692] [DEBUG] cheese - admin
[2021-03-28T20:49:34.703] [DEBUG] cheese - null
[2021-03-28T20:49:34.704] [DEBUG] cheese - null
[2021-03-29T10:20:27.790] [DEBUG] cheese - login => username:admin,password:123456
[2021-03-29T10:20:27.794] [DEBUG] cheese - admin
[2021-03-29T10:20:27.900] [DEBUG] cheese - null
[2021-03-29T10:20:27.901] [DEBUG] cheese - null
[2021-03-29T14:31:26.176] [DEBUG] cheese - login => username:admin,password:123456
[2021-03-29T14:31:26.184] [DEBUG] cheese - admin
[2021-03-29T14:31:26.224] [DEBUG] cheese - null
[2021-03-29T14:31:26.226] [DEBUG] cheese - null
[2021-03-29T15:08:07.867] [DEBUG] cheese - login => username:admin,password:123456
[2021-03-29T15:08:07.874] [DEBUG] cheese - admin
[2021-03-29T15:08:07.893] [DEBUG] cheese - null
[2021-03-29T15:08:07.895] [DEBUG] cheese - null
[2021-03-29T15:17:54.416] [DEBUG] cheese - login => username:admin,password:123456
[2021-03-29T15:17:54.417] [DEBUG] cheese - admin
[2021-03-29T15:17:54.421] [DEBUG] cheese - null
[2021-03-29T15:17:54.421] [DEBUG] cheese - null
[2021-03-29T15:51:34.936] [DEBUG] cheese - login => username:admin,password:123456
[2021-03-29T15:51:34.940] [DEBUG] cheese - admin
[2021-03-29T15:51:34.965] [DEBUG] cheese - null
[2021-03-29T15:51:34.967] [DEBUG] cheese - null
[2021-03-29T18:30:17.612] [DEBUG] cheese - login => username:admin,password:123456
[2021-03-29T18:30:17.615] [DEBUG] cheese - admin
[2021-03-29T18:30:17.640] [DEBUG] cheese - null
[2021-03-29T18:30:17.641] [DEBUG] cheese - null
[2021-03-29T20:04:39.805] [DEBUG] cheese - login => username:admin,password:123456
[2021-03-29T20:04:39.808] [DEBUG] cheese - admin
[2021-03-29T20:04:39.854] [DEBUG] cheese - null
[2021-03-29T20:04:39.855] [DEBUG] cheese - null
[2021-04-09T22:12:34.329] [DEBUG] cheese - login => username:admin,password:123456
[2021-04-09T22:12:34.335] [DEBUG] cheese - admin
[2021-04-09T22:12:34.439] [DEBUG] cheese - null
[2021-04-09T22:12:34.440] [DEBUG] cheese - null
[2021-04-09T22:22:49.468] [DEBUG] cheese - login => username:admin,password:123456
[2021-04-09T22:22:49.472] [DEBUG] cheese - admin
[2021-04-09T22:22:49.495] [DEBUG] cheese - null
[2021-04-09T22:22:49.496] [DEBUG] cheese - null
[2021-04-09T22:50:05.163] [DEBUG] cheese - login => username:admin,password:123456
[2021-04-09T22:50:05.163] [DEBUG] cheese - admin
[2021-04-09T22:50:05.171] [DEBUG] cheese - null
[2021-04-09T22:50:05.171] [DEBUG] cheese - null
[2021-04-09T22:54:53.095] [DEBUG] cheese - login => username:admin,password:123456
[2021-04-09T22:54:53.098] [DEBUG] cheese - admin
[2021-04-09T22:54:53.132] [DEBUG] cheese - null
[2021-04-09T22:54:53.133] [DEBUG] cheese - null
[2021-04-09T22:56:37.906] [DEBUG] cheese - login => username:admin,password:123456
[2021-04-09T22:56:37.906] [DEBUG] cheese - admin
[2021-04-09T22:56:37.912] [DEBUG] cheese - null
[2021-04-09T22:56:37.912] [DEBUG] cheese - null
[2021-04-09T22:56:43.552] [DEBUG] cheese - login => username:admin,password:123456
[2021-04-09T22:56:43.553] [DEBUG] cheese - admin
[2021-04-09T22:56:43.559] [DEBUG] cheese - null
[2021-04-09T22:56:43.559] [DEBUG] cheese - null
[2021-04-09T22:57:39.841] [DEBUG] cheese - login => username:admin,password:123456
[2021-04-09T22:57:39.842] [DEBUG] cheese - admin
[2021-04-09T22:57:39.848] [DEBUG] cheese - null
[2021-04-09T22:57:39.849] [DEBUG] cheese - null
[2021-04-10T17:34:24.904] [DEBUG] cheese - login => username:admin,password:123456
[2021-04-10T17:34:24.912] [DEBUG] cheese - admin
[2021-04-10T17:34:24.988] [DEBUG] cheese - null
[2021-04-10T17:34:24.990] [DEBUG] cheese - null
[2021-04-10T20:20:47.230] [DEBUG] cheese - login => username:admin,password:123456
[2021-04-10T20:20:47.233] [DEBUG] cheese - admin
[2021-04-10T20:20:47.256] [DEBUG] cheese - null
[2021-04-10T20:20:47.257] [DEBUG] cheese - null
[2021-04-10T20:22:46.573] [DEBUG] cheese - login => username:admin,password:123456
[2021-04-10T20:22:46.578] [DEBUG] cheese - admin
[2021-04-10T20:22:46.587] [DEBUG] cheese - null
[2021-04-10T20:22:46.588] [DEBUG] cheese - null
[2021-04-10T20:58:51.503] [DEBUG] cheese - login => username:admin,password:123456
[2021-04-10T20:58:51.509] [DEBUG] cheese - admin
[2021-04-10T20:58:51.545] [DEBUG] cheese - null
[2021-04-10T20:58:51.547] [DEBUG] cheese - null
[2021-04-10T20:59:13.952] [DEBUG] cheese - login => username:admin,password:123456
[2021-04-10T20:59:13.952] [DEBUG] cheese - admin
[2021-04-10T20:59:13.958] [DEBUG] cheese - null
[2021-04-10T20:59:13.959] [DEBUG] cheese - null
[2021-04-10T21:08:35.020] [DEBUG] cheese - login => username:admin,password:1231231
[2021-04-10T21:08:35.023] [DEBUG] cheese - admin
[2021-04-10T21:08:35.035] [DEBUG] cheese - null
[2021-04-10T21:08:35.037] [DEBUG] cheese - null
[2021-04-10T21:08:39.450] [DEBUG] cheese - login => username:admin11,password:1231231
[2021-04-10T21:08:39.450] [DEBUG] cheese - admin11
[2021-04-10T21:08:39.459] [DEBUG] cheese - null
[2021-04-10T21:08:39.460] [DEBUG] cheese - null
[2021-04-10T21:08:44.930] [DEBUG] cheese - login => username:admin,password:1231231
[2021-04-10T21:08:44.930] [DEBUG] cheese - admin
[2021-04-10T21:08:44.937] [DEBUG] cheese - null
[2021-04-10T21:08:44.937] [DEBUG] cheese - null
[2021-04-10T21:08:46.421] [DEBUG] cheese - login => username:admin,password:123456
[2021-04-10T21:08:46.422] [DEBUG] cheese - admin
[2021-04-10T21:08:46.429] [DEBUG] cheese - null
[2021-04-10T21:08:46.429] [DEBUG] cheese - null
[2021-04-10T21:28:16.404] [DEBUG] cheese - login => username:admin,password:123456
[2021-04-10T21:28:16.409] [DEBUG] cheese - admin
[2021-04-10T21:28:16.435] [DEBUG] cheese - null
[2021-04-10T21:28:16.436] [DEBUG] cheese - null
[2021-04-10T21:33:24.201] [DEBUG] cheese - login => username:admin,password:123456
[2021-04-10T21:33:24.204] [DEBUG] cheese - admin
[2021-04-10T21:33:24.226] [DEBUG] cheese - null
[2021-04-10T21:33:24.227] [DEBUG] cheese - null
[2021-04-10T21:41:24.570] [DEBUG] cheese - login => username:admin,password:123456
[2021-04-10T21:41:24.573] [DEBUG] cheese - admin
[2021-04-10T21:41:24.594] [DEBUG] cheese - null
[2021-04-10T21:41:24.595] [DEBUG] cheese - null
[2021-04-10T22:16:24.267] [DEBUG] cheese - login => username:admin,password:123456
[2021-04-10T22:16:24.273] [DEBUG] cheese - admin
[2021-04-10T22:16:24.305] [DEBUG] cheese - null
[2021-04-10T22:16:24.306] [DEBUG] cheese - null
[2021-04-10T22:18:03.985] [DEBUG] cheese - null
[2021-04-10T22:19:45.382] [DEBUG] cheese - null
[2021-04-10T22:35:11.992] [DEBUG] cheese - login => username:admin,password:123456
[2021-04-10T22:35:11.995] [DEBUG] cheese - admin
[2021-04-10T22:35:12.006] [DEBUG] cheese - null
[2021-04-10T22:35:12.007] [DEBUG] cheese - null
[2021-04-10T22:35:37.622] [DEBUG] cheese - null
[2021-04-10T22:44:53.689] [DEBUG] cheese - login => username:admin,password:123456
[2021-04-10T22:44:53.692] [DEBUG] cheese - admin
[2021-04-10T22:44:53.710] [DEBUG] cheese - null
[2021-04-10T22:44:53.711] [DEBUG] cheese - null
[2021-04-10T22:49:13.439] [DEBUG] cheese - null
[2021-04-10T22:52:12.506] [DEBUG] cheese - null
[2021-04-10T23:06:35.382] [DEBUG] cheese - null
[2021-04-10T23:08:12.458] [DEBUG] cheese - login => username:admin,password:123456
[2021-04-10T23:08:12.459] [DEBUG] cheese - admin
[2021-04-10T23:08:12.465] [DEBUG] cheese - null
[2021-04-10T23:08:12.465] [DEBUG] cheese - null
[2021-04-10T23:10:10.195] [DEBUG] cheese - null
[2021-04-10T23:10:19.873] [DEBUG] cheese - null
[2021-04-10T23:10:30.894] [DEBUG] cheese - null
[2021-04-10T23:11:05.036] [DEBUG] cheese - null
[2021-04-10T23:11:06.910] [DEBUG] cheese - null
[2021-04-10T23:11:07.030] [DEBUG] cheese - null
[2021-04-10T23:11:07.176] [DEBUG] cheese - null
[2021-04-10T23:11:07.315] [DEBUG] cheese - null
[2021-04-10T23:12:31.718] [DEBUG] cheese - null
[2021-04-10T23:25:53.503] [DEBUG] cheese - null
[2021-04-10T23:25:56.602] [DEBUG] cheese - null
[2021-04-10T23:25:56.742] [DEBUG] cheese - null
[2021-04-10T23:25:56.885] [DEBUG] cheese - null
[2021-04-10T23:25:57.002] [DEBUG] cheese - null
[2021-04-10T23:25:57.154] [DEBUG] cheese - null
[2021-04-10T23:27:14.261] [DEBUG] cheese - null
[2021-04-10T23:28:30.733] [DEBUG] cheese - null
[2021-04-11T00:07:34.462] [DEBUG] cheese - login => username:admin,password:123456
[2021-04-11T00:07:34.462] [DEBUG] cheese - admin
[2021-04-11T00:07:34.474] [DEBUG] cheese - null
[2021-04-11T00:07:34.474] [DEBUG] cheese - null
[2021-04-11T00:11:58.292] [DEBUG] cheese - login => username:admin,password:123456
[2021-04-11T00:11:58.296] [DEBUG] cheese - admin
[2021-04-11T00:11:58.327] [DEBUG] cheese - null
[2021-04-11T00:11:58.328] [DEBUG] cheese - null
[2021-04-11T00:12:58.192] [DEBUG] cheese - login => username:admin,password:123456
[2021-04-11T00:12:58.193] [DEBUG] cheese - admin
[2021-04-11T00:12:58.199] [DEBUG] cheese - null
[2021-04-11T00:12:58.199] [DEBUG] cheese - null
[2021-04-11T11:01:31.649] [DEBUG] cheese - login => username:admin,password:123456
[2021-04-11T11:01:31.653] [DEBUG] cheese - admin
[2021-04-11T11:01:31.713] [DEBUG] cheese - null
[2021-04-11T11:01:31.714] [DEBUG] cheese - null
[2021-04-11T11:10:15.601] [DEBUG] cheese - login => username:admin,password:123456
[2021-04-11T11:10:15.606] [DEBUG] cheese - admin
[2021-04-11T11:10:15.637] [DEBUG] cheese - null
[2021-04-11T11:10:15.638] [DEBUG] cheese - null
[2021-04-11T11:10:29.139] [DEBUG] cheese - login => username:Marico,password:12345612
[2021-04-11T11:10:29.139] [DEBUG] cheese - Marico
[2021-04-11T11:10:29.144] [DEBUG] cheese - null
[2021-04-11T11:10:29.144] [DEBUG] cheese - null
[2021-04-11T11:10:33.615] [DEBUG] cheese - login => username:Marico,password:123456
[2021-04-11T11:10:33.616] [DEBUG] cheese - Marico
[2021-04-11T11:10:33.622] [DEBUG] cheese - null
[2021-04-11T11:10:33.622] [DEBUG] cheese - null
[2021-04-11T11:10:37.931] [DEBUG] cheese - null
[2021-04-11T11:10:43.342] [DEBUG] cheese - login => username:admin,password:123456
[2021-04-11T11:10:43.343] [DEBUG] cheese - admin
[2021-04-11T11:10:43.349] [DEBUG] cheese - null
[2021-04-11T11:10:43.349] [DEBUG] cheese - null
[2021-04-11T11:12:08.991] [DEBUG] cheese - login => username:Tom,password:123456
[2021-04-11T11:12:08.992] [DEBUG] cheese - Tom
[2021-04-11T11:12:08.996] [DEBUG] cheese - null
[2021-04-11T11:12:08.996] [DEBUG] cheese - null
[2021-04-11T11:12:12.861] [DEBUG] cheese - login => username:Tom,password:12345612
[2021-04-11T11:12:12.861] [DEBUG] cheese - Tom
[2021-04-11T11:12:12.868] [DEBUG] cheese - null
[2021-04-11T11:12:12.868] [DEBUG] cheese - null
[2021-04-11T11:12:18.923] [DEBUG] cheese - login => username:Tom,password:123456
[2021-04-11T11:12:18.924] [DEBUG] cheese - Tom
[2021-04-11T11:12:18.929] [DEBUG] cheese - null
[2021-04-11T11:12:18.929] [DEBUG] cheese - null
[2021-04-11T11:12:20.178] [DEBUG] cheese - login => username:Tom,password:123456
[2021-04-11T11:12:20.178] [DEBUG] cheese - Tom
[2021-04-11T11:12:20.183] [DEBUG] cheese - null
[2021-04-11T11:12:20.184] [DEBUG] cheese - null
[2021-04-11T11:12:21.257] [DEBUG] cheese - login => username:admin,password:123456
[2021-04-11T11:12:21.257] [DEBUG] cheese - admin
[2021-04-11T11:12:21.263] [DEBUG] cheese - null
[2021-04-11T11:12:21.263] [DEBUG] cheese - null
[2021-04-11T11:12:39.038] [DEBUG] cheese - login => username:Lucy,password:123456
[2021-04-11T11:12:39.038] [DEBUG] cheese - Lucy
[2021-04-11T11:12:39.043] [DEBUG] cheese - null
[2021-04-11T11:12:39.043] [DEBUG] cheese - null
[2021-04-11T11:12:42.608] [DEBUG] cheese - login => username:admin,password:123456
[2021-04-11T11:12:42.609] [DEBUG] cheese - admin
[2021-04-11T11:12:42.614] [DEBUG] cheese - null
[2021-04-11T11:12:42.614] [DEBUG] cheese - null
[2021-04-11T11:13:26.104] [DEBUG] cheese - login => username:Marico,password:123456
[2021-04-11T11:13:26.104] [DEBUG] cheese - Marico
[2021-04-11T11:13:26.109] [DEBUG] cheese - null
[2021-04-11T11:13:26.109] [DEBUG] cheese - null
[2021-04-11T11:13:28.332] [DEBUG] cheese - null
[2021-04-11T11:13:28.338] [DEBUG] cheese - null
[2021-04-11T11:13:30.093] [DEBUG] cheese - null
[2021-04-11T11:13:35.382] [DEBUG] cheese - null
[2021-04-11T11:13:35.387] [DEBUG] cheese - null
[2021-04-11T11:13:52.450] [DEBUG] cheese - login => username:admin,password:123456
[2021-04-11T11:13:52.450] [DEBUG] cheese - admin
[2021-04-11T11:13:52.455] [DEBUG] cheese - null
[2021-04-11T11:13:52.456] [DEBUG] cheese - null
[2021-04-11T11:14:10.819] [DEBUG] cheese - login => username:	 Eric,password:123456
[2021-04-11T11:14:10.819] [DEBUG] cheese - 	 Eric
[2021-04-11T11:14:10.824] [DEBUG] cheese - null
[2021-04-11T11:14:10.824] [DEBUG] cheese - null
[2021-04-11T11:14:14.289] [DEBUG] cheese - login => username:Eric,password:123456
[2021-04-11T11:14:14.290] [DEBUG] cheese - Eric
[2021-04-11T11:14:14.297] [DEBUG] cheese - null
[2021-04-11T11:14:14.297] [DEBUG] cheese - null
[2021-04-11T11:14:17.392] [DEBUG] cheese - login => username:admin,password:123456
[2021-04-11T11:14:17.392] [DEBUG] cheese - admin
[2021-04-11T11:14:17.397] [DEBUG] cheese - null
[2021-04-11T11:14:17.397] [DEBUG] cheese - null
[2021-04-11T11:14:30.198] [DEBUG] cheese - login => username:Eric,password:123456
[2021-04-11T11:14:30.198] [DEBUG] cheese - Eric
[2021-04-11T11:14:30.202] [DEBUG] cheese - null
[2021-04-11T11:14:30.203] [DEBUG] cheese - null
[2021-04-11T11:14:32.391] [DEBUG] cheese - null
[2021-04-11T11:14:32.396] [DEBUG] cheese - null
[2021-04-11T11:14:34.641] [DEBUG] cheese - null
[2021-04-11T11:14:34.648] [DEBUG] cheese - null
[2021-04-11T11:14:36.850] [DEBUG] cheese - null
[2021-04-11T11:14:36.854] [DEBUG] cheese - null
[2021-04-11T11:14:38.422] [DEBUG] cheese - null
[2021-04-11T11:14:38.427] [DEBUG] cheese - null
[2021-04-11T11:14:39.365] [DEBUG] cheese - null
[2021-04-11T11:14:39.375] [DEBUG] cheese - null
[2021-04-11T11:14:41.863] [DEBUG] cheese - null
[2021-04-11T11:14:41.867] [DEBUG] cheese - null
[2021-04-11T11:14:45.185] [DEBUG] cheese - null
[2021-04-11T11:14:45.191] [DEBUG] cheese - null
[2021-04-11T11:14:46.976] [DEBUG] cheese - null
[2021-04-11T11:14:46.981] [DEBUG] cheese - null
[2021-04-11T11:14:50.892] [DEBUG] cheese - null
[2021-04-11T11:14:50.896] [DEBUG] cheese - null
[2021-04-11T11:14:53.329] [DEBUG] cheese - null
[2021-04-11T11:14:53.334] [DEBUG] cheese - null
[2021-04-11T11:14:54.217] [DEBUG] cheese - null
[2021-04-11T11:14:54.222] [DEBUG] cheese - null
[2021-04-11T11:14:57.674] [DEBUG] cheese - login => username:admin,password:123456
[2021-04-11T11:14:57.674] [DEBUG] cheese - admin
[2021-04-11T11:14:57.679] [DEBUG] cheese - null
[2021-04-11T11:14:57.679] [DEBUG] cheese - null
[2021-04-11T11:17:53.547] [DEBUG] cheese - login => username:	 Lucy,password:123456
[2021-04-11T11:17:53.547] [DEBUG] cheese - 	 Lucy
[2021-04-11T11:17:53.551] [DEBUG] cheese - null
[2021-04-11T11:17:53.551] [DEBUG] cheese - null
[2021-04-11T11:17:56.584] [DEBUG] cheese - login => username:Lucy,password:123456
[2021-04-11T11:17:56.584] [DEBUG] cheese - Lucy
[2021-04-11T11:17:56.589] [DEBUG] cheese - null
[2021-04-11T11:17:56.589] [DEBUG] cheese - null
[2021-04-11T11:17:57.557] [DEBUG] cheese - login => username:Lucy,password:123456
[2021-04-11T11:17:57.558] [DEBUG] cheese - Lucy
[2021-04-11T11:17:57.564] [DEBUG] cheese - null
[2021-04-11T11:17:57.564] [DEBUG] cheese - null
[2021-04-11T11:17:58.069] [DEBUG] cheese - login => username:Lucy,password:123456
[2021-04-11T11:17:58.070] [DEBUG] cheese - Lucy
[2021-04-11T11:17:58.074] [DEBUG] cheese - null
[2021-04-11T11:17:58.074] [DEBUG] cheese - null
[2021-04-11T11:18:01.379] [DEBUG] cheese - login => username:Lucy,password:123456
[2021-04-11T11:18:01.379] [DEBUG] cheese - Lucy
[2021-04-11T11:18:01.385] [DEBUG] cheese - null
[2021-04-11T11:18:01.385] [DEBUG] cheese - null
[2021-04-11T11:18:07.393] [DEBUG] cheese - login => username:Lucy,password:1234567890
[2021-04-11T11:18:07.393] [DEBUG] cheese - Lucy
[2021-04-11T11:18:07.398] [DEBUG] cheese - null
[2021-04-11T11:18:07.398] [DEBUG] cheese - null
[2021-04-11T11:18:10.409] [DEBUG] cheese - login => username:admin,password:123456
[2021-04-11T11:18:10.409] [DEBUG] cheese - admin
[2021-04-11T11:18:10.413] [DEBUG] cheese - null
[2021-04-11T11:18:10.413] [DEBUG] cheese - null
[2021-04-11T11:22:23.224] [DEBUG] cheese - login => username:Marico,password:123456
[2021-04-11T11:22:23.224] [DEBUG] cheese - Marico
[2021-04-11T11:22:23.233] [DEBUG] cheese - null
[2021-04-11T11:22:23.234] [DEBUG] cheese - null
[2021-04-11T11:22:24.831] [DEBUG] cheese - null
[2021-04-11T11:22:24.838] [DEBUG] cheese - null
[2021-04-11T11:22:25.879] [DEBUG] cheese - null
[2021-04-11T11:22:29.067] [DEBUG] cheese - null
[2021-04-11T11:22:29.072] [DEBUG] cheese - null
[2021-04-11T11:22:30.752] [DEBUG] cheese - null
[2021-04-11T11:22:35.453] [DEBUG] cheese - null
[2021-04-11T11:22:35.458] [DEBUG] cheese - null
[2021-04-11T11:22:36.808] [DEBUG] cheese - null
[2021-04-11T11:22:36.815] [DEBUG] cheese - null
[2021-04-11T11:22:38.287] [DEBUG] cheese - null
[2021-04-11T11:22:38.292] [DEBUG] cheese - null
[2021-04-11T11:22:39.527] [DEBUG] cheese - null
[2021-04-11T11:22:39.532] [DEBUG] cheese - null
[2021-04-11T11:22:43.646] [DEBUG] cheese - login => username:admin,password:123456
[2021-04-11T11:22:43.647] [DEBUG] cheese - admin
[2021-04-11T11:22:43.651] [DEBUG] cheese - null
[2021-04-11T11:22:43.652] [DEBUG] cheese - null
[2021-04-11T11:23:05.570] [DEBUG] cheese - null
